<?xml version="1.0" encoding="UTF-8"?>
<!-- Generated by org.testng.reporters.JUnitXMLReporter -->
<testsuite hostname="Lenovo-RV-S145" ignored="0" name="Default test" tests="10" failures="0" timestamp="16 Sep 2020 09:14:58 GMT" time="63.423" errors="0">
  <testcase name="search" time="6.238" classname="org.test.DataProviderS"/>
  <testcase name="search" time="5.686" classname="org.test.DataProviderS"/>
  <testcase name="search" time="5.694" classname="org.test.DataProviderS"/>
  <testcase name="search" time="5.941" classname="org.test.DataProviderS"/>
  <testcase name="search" time="5.453" classname="org.test.DataProviderS"/>
  <testcase name="search" time="5.797" classname="org.test.DataProviderS"/>
  <testcase name="search" time="5.676" classname="org.test.DataProviderS"/>
  <testcase name="search" time="5.509" classname="org.test.DataProviderS"/>
  <testcase name="search" time="5.498" classname="org.test.DataProviderS"/>
  <testcase name="search" time="6.705" classname="org.test.DataProviderS"/>
</testsuite> <!-- Default test -->
