<?xml version="1.0" encoding="UTF-8"?>
<testng-results skipped="0" failed="0" ignored="0" total="10" passed="10">
  <reporter-output>
  </reporter-output>
  <suite name="Default suite" duration-ms="63423" started-at="2020-09-16T09:13:55Z" finished-at="2020-09-16T09:14:58Z">
    <groups>
    </groups>
    <test name="Default test" duration-ms="63423" started-at="2020-09-16T09:13:55Z" finished-at="2020-09-16T09:14:58Z">
      <class name="org.test.DataProviderS">
        <test-method status="PASS" signature="launchBrowser()[pri:0, instance:org.test.DataProviderS@68c4039c]" name="launchBrowser" is-config="true" duration-ms="4453" started-at="2020-09-16T14:43:55Z" finished-at="2020-09-16T14:43:59Z">
          <reporter-output>
          </reporter-output>
        </test-method> <!-- launchBrowser -->
        <test-method status="PASS" signature="startTime()[pri:0, instance:org.test.DataProviderS@68c4039c]" name="startTime" is-config="true" duration-ms="2" started-at="2020-09-16T14:43:59Z" finished-at="2020-09-16T14:43:59Z">
          <reporter-output>
          </reporter-output>
        </test-method> <!-- startTime -->
        <test-method status="PASS" signature="search(java.lang.String, java.lang.String)[pri:0, instance:org.test.DataProviderS@68c4039c]" name="search" duration-ms="6238" started-at="2020-09-16T14:43:59Z" data-provider="Search products" finished-at="2020-09-16T14:44:06Z">
          <params>
            <param index="0">
              <value>
                <![CDATA[1]]>
              </value>
            </param>
            <param index="1">
              <value>
                <![CDATA[OnePlus]]>
              </value>
            </param>
          </params>
          <reporter-output>
          </reporter-output>
        </test-method> <!-- search -->
        <test-method status="PASS" signature="endTime()[pri:0, instance:org.test.DataProviderS@68c4039c]" name="endTime" is-config="true" duration-ms="0" started-at="2020-09-16T14:44:06Z" finished-at="2020-09-16T14:44:06Z">
          <reporter-output>
          </reporter-output>
        </test-method> <!-- endTime -->
        <test-method status="PASS" signature="startTime()[pri:0, instance:org.test.DataProviderS@68c4039c]" name="startTime" is-config="true" duration-ms="1" started-at="2020-09-16T14:44:06Z" finished-at="2020-09-16T14:44:06Z">
          <reporter-output>
          </reporter-output>
        </test-method> <!-- startTime -->
        <test-method status="PASS" signature="search(java.lang.String, java.lang.String)[pri:0, instance:org.test.DataProviderS@68c4039c]" name="search" duration-ms="5686" started-at="2020-09-16T14:44:06Z" data-provider="Search products" finished-at="2020-09-16T14:44:11Z">
          <params>
            <param index="0">
              <value>
                <![CDATA[2]]>
              </value>
            </param>
            <param index="1">
              <value>
                <![CDATA[iPhone]]>
              </value>
            </param>
          </params>
          <reporter-output>
          </reporter-output>
        </test-method> <!-- search -->
        <test-method status="PASS" signature="endTime()[pri:0, instance:org.test.DataProviderS@68c4039c]" name="endTime" is-config="true" duration-ms="1" started-at="2020-09-16T14:44:11Z" finished-at="2020-09-16T14:44:11Z">
          <reporter-output>
          </reporter-output>
        </test-method> <!-- endTime -->
        <test-method status="PASS" signature="startTime()[pri:0, instance:org.test.DataProviderS@68c4039c]" name="startTime" is-config="true" duration-ms="0" started-at="2020-09-16T14:44:11Z" finished-at="2020-09-16T14:44:11Z">
          <reporter-output>
          </reporter-output>
        </test-method> <!-- startTime -->
        <test-method status="PASS" signature="search(java.lang.String, java.lang.String)[pri:0, instance:org.test.DataProviderS@68c4039c]" name="search" duration-ms="5694" started-at="2020-09-16T14:44:11Z" data-provider="Search products" finished-at="2020-09-16T14:44:17Z">
          <params>
            <param index="0">
              <value>
                <![CDATA[3]]>
              </value>
            </param>
            <param index="1">
              <value>
                <![CDATA[Redmi]]>
              </value>
            </param>
          </params>
          <reporter-output>
          </reporter-output>
        </test-method> <!-- search -->
        <test-method status="PASS" signature="endTime()[pri:0, instance:org.test.DataProviderS@68c4039c]" name="endTime" is-config="true" duration-ms="1" started-at="2020-09-16T14:44:17Z" finished-at="2020-09-16T14:44:17Z">
          <reporter-output>
          </reporter-output>
        </test-method> <!-- endTime -->
        <test-method status="PASS" signature="search(java.lang.String, java.lang.String)[pri:0, instance:org.test.DataProviderS@68c4039c]" name="search" duration-ms="5941" started-at="2020-09-16T14:44:17Z" data-provider="Search products" finished-at="2020-09-16T14:44:23Z">
          <params>
            <param index="0">
              <value>
                <![CDATA[4]]>
              </value>
            </param>
            <param index="1">
              <value>
                <![CDATA[Oppo]]>
              </value>
            </param>
          </params>
          <reporter-output>
          </reporter-output>
        </test-method> <!-- search -->
        <test-method status="PASS" signature="startTime()[pri:0, instance:org.test.DataProviderS@68c4039c]" name="startTime" is-config="true" duration-ms="0" started-at="2020-09-16T14:44:17Z" finished-at="2020-09-16T14:44:17Z">
          <reporter-output>
          </reporter-output>
        </test-method> <!-- startTime -->
        <test-method status="PASS" signature="endTime()[pri:0, instance:org.test.DataProviderS@68c4039c]" name="endTime" is-config="true" duration-ms="1" started-at="2020-09-16T14:44:23Z" finished-at="2020-09-16T14:44:23Z">
          <reporter-output>
          </reporter-output>
        </test-method> <!-- endTime -->
        <test-method status="PASS" signature="search(java.lang.String, java.lang.String)[pri:0, instance:org.test.DataProviderS@68c4039c]" name="search" duration-ms="5453" started-at="2020-09-16T14:44:23Z" data-provider="Search products" finished-at="2020-09-16T14:44:29Z">
          <params>
            <param index="0">
              <value>
                <![CDATA[5]]>
              </value>
            </param>
            <param index="1">
              <value>
                <![CDATA[Vivo]]>
              </value>
            </param>
          </params>
          <reporter-output>
          </reporter-output>
        </test-method> <!-- search -->
        <test-method status="PASS" signature="startTime()[pri:0, instance:org.test.DataProviderS@68c4039c]" name="startTime" is-config="true" duration-ms="0" started-at="2020-09-16T14:44:23Z" finished-at="2020-09-16T14:44:23Z">
          <reporter-output>
          </reporter-output>
        </test-method> <!-- startTime -->
        <test-method status="PASS" signature="endTime()[pri:0, instance:org.test.DataProviderS@68c4039c]" name="endTime" is-config="true" duration-ms="1" started-at="2020-09-16T14:44:29Z" finished-at="2020-09-16T14:44:29Z">
          <reporter-output>
          </reporter-output>
        </test-method> <!-- endTime -->
        <test-method status="PASS" signature="startTime()[pri:0, instance:org.test.DataProviderS@68c4039c]" name="startTime" is-config="true" duration-ms="0" started-at="2020-09-16T14:44:29Z" finished-at="2020-09-16T14:44:29Z">
          <reporter-output>
          </reporter-output>
        </test-method> <!-- startTime -->
        <test-method status="PASS" signature="search(java.lang.String, java.lang.String)[pri:0, instance:org.test.DataProviderS@68c4039c]" name="search" duration-ms="5797" started-at="2020-09-16T14:44:29Z" data-provider="Search products" finished-at="2020-09-16T14:44:34Z">
          <params>
            <param index="0">
              <value>
                <![CDATA[6]]>
              </value>
            </param>
            <param index="1">
              <value>
                <![CDATA[Samsung]]>
              </value>
            </param>
          </params>
          <reporter-output>
          </reporter-output>
        </test-method> <!-- search -->
        <test-method status="PASS" signature="endTime()[pri:0, instance:org.test.DataProviderS@68c4039c]" name="endTime" is-config="true" duration-ms="1" started-at="2020-09-16T14:44:34Z" finished-at="2020-09-16T14:44:34Z">
          <reporter-output>
          </reporter-output>
        </test-method> <!-- endTime -->
        <test-method status="PASS" signature="startTime()[pri:0, instance:org.test.DataProviderS@68c4039c]" name="startTime" is-config="true" duration-ms="1" started-at="2020-09-16T14:44:34Z" finished-at="2020-09-16T14:44:34Z">
          <reporter-output>
          </reporter-output>
        </test-method> <!-- startTime -->
        <test-method status="PASS" signature="search(java.lang.String, java.lang.String)[pri:0, instance:org.test.DataProviderS@68c4039c]" name="search" duration-ms="5676" started-at="2020-09-16T14:44:34Z" data-provider="Search products" finished-at="2020-09-16T14:44:40Z">
          <params>
            <param index="0">
              <value>
                <![CDATA[7]]>
              </value>
            </param>
            <param index="1">
              <value>
                <![CDATA[Nokia]]>
              </value>
            </param>
          </params>
          <reporter-output>
          </reporter-output>
        </test-method> <!-- search -->
        <test-method status="PASS" signature="endTime()[pri:0, instance:org.test.DataProviderS@68c4039c]" name="endTime" is-config="true" duration-ms="1" started-at="2020-09-16T14:44:40Z" finished-at="2020-09-16T14:44:40Z">
          <reporter-output>
          </reporter-output>
        </test-method> <!-- endTime -->
        <test-method status="PASS" signature="search(java.lang.String, java.lang.String)[pri:0, instance:org.test.DataProviderS@68c4039c]" name="search" duration-ms="5509" started-at="2020-09-16T14:44:40Z" data-provider="Search products" finished-at="2020-09-16T14:44:46Z">
          <params>
            <param index="0">
              <value>
                <![CDATA[8]]>
              </value>
            </param>
            <param index="1">
              <value>
                <![CDATA[Huawei]]>
              </value>
            </param>
          </params>
          <reporter-output>
          </reporter-output>
        </test-method> <!-- search -->
        <test-method status="PASS" signature="startTime()[pri:0, instance:org.test.DataProviderS@68c4039c]" name="startTime" is-config="true" duration-ms="0" started-at="2020-09-16T14:44:40Z" finished-at="2020-09-16T14:44:40Z">
          <reporter-output>
          </reporter-output>
        </test-method> <!-- startTime -->
        <test-method status="PASS" signature="endTime()[pri:0, instance:org.test.DataProviderS@68c4039c]" name="endTime" is-config="true" duration-ms="0" started-at="2020-09-16T14:44:46Z" finished-at="2020-09-16T14:44:46Z">
          <reporter-output>
          </reporter-output>
        </test-method> <!-- endTime -->
        <test-method status="PASS" signature="startTime()[pri:0, instance:org.test.DataProviderS@68c4039c]" name="startTime" is-config="true" duration-ms="1" started-at="2020-09-16T14:44:46Z" finished-at="2020-09-16T14:44:46Z">
          <reporter-output>
          </reporter-output>
        </test-method> <!-- startTime -->
        <test-method status="PASS" signature="search(java.lang.String, java.lang.String)[pri:0, instance:org.test.DataProviderS@68c4039c]" name="search" duration-ms="5498" started-at="2020-09-16T14:44:46Z" data-provider="Search products" finished-at="2020-09-16T14:44:51Z">
          <params>
            <param index="0">
              <value>
                <![CDATA[9]]>
              </value>
            </param>
            <param index="1">
              <value>
                <![CDATA[Lenovo]]>
              </value>
            </param>
          </params>
          <reporter-output>
          </reporter-output>
        </test-method> <!-- search -->
        <test-method status="PASS" signature="endTime()[pri:0, instance:org.test.DataProviderS@68c4039c]" name="endTime" is-config="true" duration-ms="1" started-at="2020-09-16T14:44:51Z" finished-at="2020-09-16T14:44:51Z">
          <reporter-output>
          </reporter-output>
        </test-method> <!-- endTime -->
        <test-method status="PASS" signature="startTime()[pri:0, instance:org.test.DataProviderS@68c4039c]" name="startTime" is-config="true" duration-ms="0" started-at="2020-09-16T14:44:51Z" finished-at="2020-09-16T14:44:51Z">
          <reporter-output>
          </reporter-output>
        </test-method> <!-- startTime -->
        <test-method status="PASS" signature="search(java.lang.String, java.lang.String)[pri:0, instance:org.test.DataProviderS@68c4039c]" name="search" duration-ms="6705" started-at="2020-09-16T14:44:51Z" data-provider="Search products" finished-at="2020-09-16T14:44:58Z">
          <params>
            <param index="0">
              <value>
                <![CDATA[10]]>
              </value>
            </param>
            <param index="1">
              <value>
                <![CDATA[Moto]]>
              </value>
            </param>
          </params>
          <reporter-output>
          </reporter-output>
        </test-method> <!-- search -->
        <test-method status="PASS" signature="endTime()[pri:0, instance:org.test.DataProviderS@68c4039c]" name="endTime" is-config="true" duration-ms="0" started-at="2020-09-16T14:44:58Z" finished-at="2020-09-16T14:44:58Z">
          <reporter-output>
          </reporter-output>
        </test-method> <!-- endTime -->
        <test-method status="PASS" signature="closeBrowser()[pri:0, instance:org.test.DataProviderS@68c4039c]" name="closeBrowser" is-config="true" duration-ms="682" started-at="2020-09-16T14:44:58Z" finished-at="2020-09-16T14:44:58Z">
          <reporter-output>
          </reporter-output>
        </test-method> <!-- closeBrowser -->
      </class> <!-- org.test.DataProviderS -->
    </test> <!-- Default test -->
  </suite> <!-- Default suite -->
</testng-results>
